0 verbose cli /Users/mehrbeniss/.nvm/versions/node/v24.10.0/bin/node /Users/mehrbeniss/.nvm/versions/node/v24.10.0/lib/node_modules/npm/bin/npm-cli.js
1 info using npm@11.6.1
2 info using node@v24.10.0
3 silly config load:file:/Users/mehrbeniss/.nvm/versions/node/v24.10.0/lib/node_modules/npm/npmrc
4 silly config load:file:/Users/mehrbeniss/Desktop/mehrismoreYT/nooshnoms/assignment.freeday.ai/sliding-puzzle/.npmrc
5 silly config load:file:/Users/mehrbeniss/.npmrc
6 silly config load:file:/Users/mehrbeniss/.nvm/versions/node/v24.10.0/etc/npmrc
7 verbose title npm exec @tailwindcss/cli -v
8 verbose argv "exec" "--" "@tailwindcss/cli" "-v"
9 verbose logfile logs-max:10 dir:/Users/mehrbeniss/Desktop/mehrismoreYT/nooshnoms/assignment.freeday.ai/sliding-puzzle/.npm-cache/_logs/2025-10-17T14_53_21_158Z-
10 verbose logfile /Users/mehrbeniss/Desktop/mehrismoreYT/nooshnoms/assignment.freeday.ai/sliding-puzzle/.npm-cache/_logs/2025-10-17T14_53_21_158Z-debug-0.log
11 silly logfile done cleaning log files
12 silly packumentCache heap:4496293888 maxSize:1124073472 maxEntrySize:562036736
13 http fetch GET 200 https://registry.npmjs.org/npm 279ms
14 verbose cwd /Users/mehrbeniss/Desktop/mehrismoreYT/nooshnoms/assignment.freeday.ai/sliding-puzzle
15 verbose os Darwin 24.6.0
16 verbose node v24.10.0
17 verbose npm  v11.6.1
18 notice
18 notice New [36mpatch[39m version of npm available! [36m11.6.1[39m -> [34m11.6.2[39m
18 notice Changelog: [34mhttps://github.com/npm/cli/releases/tag/v11.6.2[39m
18 notice To update run: [4mnpm install -g npm@11.6.2[24m
18 notice  { force: true, Symbol(proc-log.meta): true }
19 verbose exit 0
20 info ok
